Removed Pin From Net: NetName=D0 Pin=RP4-1
Removed Pin From Net: NetName=D1 Pin=RP4-2
Removed Pin From Net: NetName=D2 Pin=RP4-3
Removed Pin From Net: NetName=D3 Pin=RP4-4
Removed Pin From Net: NetName=D4 Pin=RP4-5
Removed Pin From Net: NetName=D5 Pin=RP4-6
Removed Pin From Net: NetName=D6 Pin=RP4-7
Removed Pin From Net: NetName=D7 Pin=RP4-8
Added Pin To Net: NetName=D0 Pin=RP4-9
Added Pin To Net: NetName=D1 Pin=RP4-10
Added Pin To Net: NetName=D2 Pin=RP4-11
Added Pin To Net: NetName=D3 Pin=RP4-12
Added Pin To Net: NetName=D4 Pin=RP4-13
Added Pin To Net: NetName=D5 Pin=RP4-14
Added Pin To Net: NetName=D6 Pin=RP4-15
Added Pin To Net: NetName=D7 Pin=RP4-16
Added Pin To Net: NetName=NetRP4_1 Pin=RP4-1
Added Pin To Net: NetName=NetRP4_1 Pin=U1-68
Added Net: Name=NetRP4_1
Added Pin To Net: NetName=NetRP4_2 Pin=RP4-2
Added Pin To Net: NetName=NetRP4_2 Pin=U1-69
Added Net: Name=NetRP4_2
Added Pin To Net: NetName=NetRP4_3 Pin=RP4-3
Added Pin To Net: NetName=NetRP4_3 Pin=U1-74
Added Net: Name=NetRP4_3
Added Pin To Net: NetName=NetRP4_4 Pin=RP4-4
Added Pin To Net: NetName=NetRP4_4 Pin=U1-75
Added Net: Name=NetRP4_4
Added Pin To Net: NetName=NetRP4_5 Pin=RP4-5
Added Pin To Net: NetName=NetRP4_5 Pin=U1-76
Added Net: Name=NetRP4_5
Added Pin To Net: NetName=NetRP4_6 Pin=RP4-6
Added Pin To Net: NetName=NetRP4_6 Pin=U1-77
Added Net: Name=NetRP4_6
Added Pin To Net: NetName=NetRP4_7 Pin=RP4-7
Added Pin To Net: NetName=NetRP4_7 Pin=U1-78
Added Net: Name=NetRP4_7
Added Pin To Net: NetName=NetRP4_8 Pin=RP4-8
Added Pin To Net: NetName=NetRP4_8 Pin=U1-82
Added Net: Name=NetRP4_8
