Removed Pin From Net: NetName=D0 Pin=RP4-9
Removed Pin From Net: NetName=D1 Pin=RP4-10
Removed Pin From Net: NetName=D2 Pin=RP4-11
Removed Pin From Net: NetName=D3 Pin=RP4-12
Removed Pin From Net: NetName=D4 Pin=RP4-13
Removed Pin From Net: NetName=D5 Pin=RP4-14
Removed Pin From Net: NetName=D6 Pin=RP4-15
Removed Pin From Net: NetName=D7 Pin=RP4-16
Added Pin To Net: NetName=D7 Pin=RP4-1
Added Pin To Net: NetName=D6 Pin=RP4-2
Added Pin To Net: NetName=D5 Pin=RP4-3
Added Pin To Net: NetName=D4 Pin=RP4-4
Added Pin To Net: NetName=D3 Pin=RP4-5
Added Pin To Net: NetName=D2 Pin=RP4-6
Added Pin To Net: NetName=D1 Pin=RP4-7
Added Pin To Net: NetName=D0 Pin=RP4-8
Added Pin To Net: NetName=NetRP4_9 Pin=RP4-9
Added Pin To Net: NetName=NetRP4_9 Pin=U1-82
Added Net: Name=NetRP4_9
Added Pin To Net: NetName=NetRP4_10 Pin=RP4-10
Added Pin To Net: NetName=NetRP4_10 Pin=U1-78
Added Net: Name=NetRP4_10
Added Pin To Net: NetName=NetRP4_11 Pin=RP4-11
Added Pin To Net: NetName=NetRP4_11 Pin=U1-77
Added Net: Name=NetRP4_11
Added Pin To Net: NetName=NetRP4_12 Pin=RP4-12
Added Pin To Net: NetName=NetRP4_12 Pin=U1-76
Added Net: Name=NetRP4_12
Added Pin To Net: NetName=NetRP4_13 Pin=RP4-13
Added Pin To Net: NetName=NetRP4_13 Pin=U1-75
Added Net: Name=NetRP4_13
Added Pin To Net: NetName=NetRP4_14 Pin=RP4-14
Added Pin To Net: NetName=NetRP4_14 Pin=U1-74
Added Net: Name=NetRP4_14
Added Pin To Net: NetName=NetRP4_15 Pin=RP4-15
Added Pin To Net: NetName=NetRP4_15 Pin=U1-69
Added Net: Name=NetRP4_15
Added Pin To Net: NetName=NetRP4_16 Pin=RP4-16
Added Pin To Net: NetName=NetRP4_16 Pin=U1-68
Added Net: Name=NetRP4_16
