Added Pin To Net: NetName=DQM3 Pin=RP2-5
Added Pin To Net: NetName=DQM2 Pin=RP2-6
Added Pin To Net: NetName=DQM1 Pin=RP2-7
Added Pin To Net: NetName=DQM0 Pin=RP2-8
Added Pin To Net: NetName=WE Pin=U7-17
Added Pin To Net: NetName=CAS Pin=U7-18
Added Pin To Net: NetName=RAS Pin=U7-19
Added Pin To Net: NetName=CS Pin=U7-20
Added Pin To Net: NetName=BA0 Pin=U7-22
Added Pin To Net: NetName=BA1 Pin=U7-23
Added Pin To Net: NetName=A10 Pin=U7-24
Added Pin To Net: NetName=A0 Pin=U7-25
Added Pin To Net: NetName=A1 Pin=U7-26
Added Pin To Net: NetName=A2 Pin=U7-27
Added Pin To Net: NetName=A3 Pin=U7-60
Added Pin To Net: NetName=A4 Pin=U7-61
Added Pin To Net: NetName=A5 Pin=U7-62
Added Pin To Net: NetName=A6 Pin=U7-63
Added Pin To Net: NetName=A7 Pin=U7-64
Added Pin To Net: NetName=A8 Pin=U7-65
Added Pin To Net: NetName=A9 Pin=U7-66
Added Pin To Net: NetName=CKE Pin=U7-67
Added Pin To Net: NetName=CLK Pin=U7-68
