Added Component: Designator=R14(0603R-4K7)
Added Component: Designator=R15(0603R-4K7)
Added Component: Designator=R16(0603R-4K7)
Added Component: Designator=R17(0603R-4K7)
Added Pin To Net: NetName=3V3 Pin=K1-1
Added Pin To Net: NetName=GND Pin=K1-2
Added Pin To Net: NetName=3V3 Pin=K2-1
Added Pin To Net: NetName=GND Pin=K2-2
Added Pin To Net: NetName=3V3 Pin=R14-1
Added Pin To Net: NetName=3V3 Pin=R15-1
Added Pin To Net: NetName=3V3 Pin=R16-1
Added Pin To Net: NetName=3V3 Pin=R17-1
Added Pin To Net: NetName=C1D0 Pin=K1-16
Added Net: Name=C1D0
Added Pin To Net: NetName=C1D1 Pin=K1-15
Added Net: Name=C1D1
Added Pin To Net: NetName=C1D2 Pin=K1-14
Added Net: Name=C1D2
Added Pin To Net: NetName=C1D3 Pin=K1-13
Added Net: Name=C1D3
Added Pin To Net: NetName=C1D4 Pin=K1-12
Added Net: Name=C1D4
Added Pin To Net: NetName=C1D5 Pin=K1-11
Added Net: Name=C1D5
Added Pin To Net: NetName=C1D6 Pin=K1-10
Added Net: Name=C1D6
Added Pin To Net: NetName=C1D7 Pin=K1-9
Added Net: Name=C1D7
Added Pin To Net: NetName=C1FSIN Pin=K1-19
Added Net: Name=C1FSIN
Added Pin To Net: NetName=C1HREF Pin=K1-6
Added Net: Name=C1HREF
Added Pin To Net: NetName=C1PCLK Pin=K1-7
Added Net: Name=C1PCLK
Added Pin To Net: NetName=C1PWDN Pin=K1-20
Added Net: Name=C1PWDN
Added Pin To Net: NetName=C1SCL Pin=K1-3
Added Pin To Net: NetName=C1SCL Pin=R14-2
Added Net: Name=C1SCL
Added Pin To Net: NetName=C1SDA Pin=K1-4
Added Pin To Net: NetName=C1SDA Pin=R15-2
Added Net: Name=C1SDA
Added Pin To Net: NetName=C1SYNC Pin=K1-5
Added Net: Name=C1SYNC
Added Pin To Net: NetName=C1XCLK Pin=K1-8
Added Net: Name=C1XCLK
Added Pin To Net: NetName=C2D0 Pin=U1-60
Added Net: Name=C2D0
Added Pin To Net: NetName=C2D1 Pin=U1-61
Added Net: Name=C2D1
Added Pin To Net: NetName=C2D2 Pin=U1-62
Added Net: Name=C2D2
Added Pin To Net: NetName=C2D3 Pin=U1-63
Added Net: Name=C2D3
Added Pin To Net: NetName=C2D4 Pin=U1-64
Added Net: Name=C2D4
Added Pin To Net: NetName=C2D5 Pin=U1-65
Added Net: Name=C2D5
Added Pin To Net: NetName=C2D6 Pin=U1-68
Added Net: Name=C2D6
Added Pin To Net: NetName=C2D7 Pin=U1-69
Added Net: Name=C2D7
Added Pin To Net: NetName=C2FSIN Pin=U1-78
Added Net: Name=C2FSIN
Added Pin To Net: NetName=C2HREF Pin=U1-82
Added Net: Name=C2HREF
Added Pin To Net: NetName=C2PCLK Pin=U1-77
Added Net: Name=C2PCLK
Added Pin To Net: NetName=C2PWDN Pin=U1-84
Added Net: Name=C2PWDN
Added Pin To Net: NetName=C2SCL Pin=U1-74
Added Net: Name=C2SCL
Added Pin To Net: NetName=C2SDA Pin=U1-75
Added Net: Name=C2SDA
Added Pin To Net: NetName=C2SYNC Pin=U1-76
Added Net: Name=C2SYNC
Added Pin To Net: NetName=C2XCLK Pin=U1-83
Added Net: Name=C2XCLK
Added Class: Name=U_camera
Added Class: Name=C1D[7..0]
Added Class: Name=C2D[7..0]
