Removed Pin From Net: NetName=A10 Pin=RP2-2
Removed Pin From Net: NetName=A9 Pin=RP2-3
Removed Pin From Net: NetName=A8 Pin=RP2-4
Removed Pin From Net: NetName=DQM3 Pin=RP2-5
Removed Pin From Net: NetName=DQM2 Pin=RP2-6
Removed Pin From Net: NetName=DQM1 Pin=RP2-7
Removed Pin From Net: NetName=DQM0 Pin=RP2-8
Removed Pin From Net: NetName=WE Pin=RP3-1
Removed Pin From Net: NetName=CAS Pin=RP3-2
Removed Pin From Net: NetName=RAS Pin=RP3-3
Removed Pin From Net: NetName=CS Pin=RP3-4
Removed Pin From Net: NetName=BA0 Pin=RP3-5
Removed Pin From Net: NetName=BA1 Pin=RP3-6
Removed Pin From Net: NetName=CKE Pin=RP3-7
Removed Pin From Net: NetName=CLK Pin=RP3-8
Removed Pin From Net: NetName=D15 Pin=RP5-1
Removed Pin From Net: NetName=D14 Pin=RP5-2
Removed Pin From Net: NetName=D13 Pin=RP5-3
Removed Pin From Net: NetName=D12 Pin=RP5-4
Removed Pin From Net: NetName=D11 Pin=RP5-5
Removed Pin From Net: NetName=D10 Pin=RP5-6
Removed Pin From Net: NetName=D9 Pin=RP5-7
Removed Pin From Net: NetName=D8 Pin=RP5-8
Removed Pin From Net: NetName=D31 Pin=RP7-1
Removed Pin From Net: NetName=D30 Pin=RP7-2
Removed Pin From Net: NetName=D29 Pin=RP7-3
Removed Pin From Net: NetName=D28 Pin=RP7-4
Removed Pin From Net: NetName=D27 Pin=RP7-5
Removed Pin From Net: NetName=D26 Pin=RP7-6
Removed Pin From Net: NetName=D25 Pin=RP7-7
Removed Pin From Net: NetName=D24 Pin=RP7-8
Added Pin To Net: NetName=DQM0 Pin=RP2-9
Added Pin To Net: NetName=DQM1 Pin=RP2-10
Added Pin To Net: NetName=DQM2 Pin=RP2-11
Added Pin To Net: NetName=DQM3 Pin=RP2-12
Added Pin To Net: NetName=A8 Pin=RP2-13
Added Pin To Net: NetName=A9 Pin=RP2-14
Added Pin To Net: NetName=A10 Pin=RP2-15
Added Pin To Net: NetName=CLK Pin=RP3-9
Added Pin To Net: NetName=CKE Pin=RP3-10
Added Pin To Net: NetName=BA1 Pin=RP3-11
Added Pin To Net: NetName=BA0 Pin=RP3-12
Added Pin To Net: NetName=CS Pin=RP3-13
Added Pin To Net: NetName=RAS Pin=RP3-14
Added Pin To Net: NetName=CAS Pin=RP3-15
Added Pin To Net: NetName=WE Pin=RP3-16
Added Pin To Net: NetName=D8 Pin=RP5-9
Added Pin To Net: NetName=D9 Pin=RP5-10
Added Pin To Net: NetName=D10 Pin=RP5-11
Added Pin To Net: NetName=D11 Pin=RP5-12
Added Pin To Net: NetName=D12 Pin=RP5-13
Added Pin To Net: NetName=D13 Pin=RP5-14
Added Pin To Net: NetName=D14 Pin=RP5-15
Added Pin To Net: NetName=D15 Pin=RP5-16
Added Pin To Net: NetName=D24 Pin=RP7-9
Added Pin To Net: NetName=D25 Pin=RP7-10
Added Pin To Net: NetName=D26 Pin=RP7-11
Added Pin To Net: NetName=D27 Pin=RP7-12
Added Pin To Net: NetName=D28 Pin=RP7-13
Added Pin To Net: NetName=D29 Pin=RP7-14
Added Pin To Net: NetName=D30 Pin=RP7-15
Added Pin To Net: NetName=D31 Pin=RP7-16
Added Pin To Net: NetName=NetRP2_2 Pin=RP2-2
Added Pin To Net: NetName=NetRP2_2 Pin=U1-115
Added Net: Name=NetRP2_2
Added Pin To Net: NetName=NetRP2_3 Pin=RP2-3
Added Pin To Net: NetName=NetRP2_3 Pin=U1-113
Added Net: Name=NetRP2_3
Added Pin To Net: NetName=NetRP2_4 Pin=RP2-4
Added Pin To Net: NetName=NetRP2_4 Pin=U1-112
Added Net: Name=NetRP2_4
Added Pin To Net: NetName=NetRP2_5 Pin=RP2-5
Added Pin To Net: NetName=NetRP2_5 Pin=U1-109
Added Net: Name=NetRP2_5
Added Pin To Net: NetName=NetRP2_6 Pin=RP2-6
Added Pin To Net: NetName=NetRP2_6 Pin=U1-108
Added Net: Name=NetRP2_6
Added Pin To Net: NetName=NetRP2_7 Pin=RP2-7
Added Pin To Net: NetName=NetRP2_7 Pin=U1-107
Added Net: Name=NetRP2_7
Added Pin To Net: NetName=NetRP2_8 Pin=RP2-8
Added Pin To Net: NetName=NetRP2_8 Pin=U1-106
Added Net: Name=NetRP2_8
Added Pin To Net: NetName=NetRP3_1 Pin=RP3-1
Added Pin To Net: NetName=NetRP3_1 Pin=U1-129
Added Net: Name=NetRP3_1
Added Pin To Net: NetName=NetRP3_2 Pin=RP3-2
Added Pin To Net: NetName=NetRP3_2 Pin=U1-128
Added Net: Name=NetRP3_2
Added Pin To Net: NetName=NetRP3_3 Pin=RP3-3
Added Pin To Net: NetName=NetRP3_3 Pin=U1-127
Added Net: Name=NetRP3_3
Added Pin To Net: NetName=NetRP3_4 Pin=RP3-4
Added Pin To Net: NetName=NetRP3_4 Pin=U1-126
Added Net: Name=NetRP3_4
Added Pin To Net: NetName=NetRP3_5 Pin=RP3-5
Added Pin To Net: NetName=NetRP3_5 Pin=U1-123
Added Net: Name=NetRP3_5
Added Pin To Net: NetName=NetRP3_6 Pin=RP3-6
Added Pin To Net: NetName=NetRP3_6 Pin=U1-122
Added Net: Name=NetRP3_6
Added Pin To Net: NetName=NetRP3_7 Pin=RP3-7
Added Pin To Net: NetName=NetRP3_7 Pin=U1-120
Added Net: Name=NetRP3_7
Added Pin To Net: NetName=NetRP3_8 Pin=RP3-8
Added Pin To Net: NetName=NetRP3_8 Pin=U1-119
Added Net: Name=NetRP3_8
Added Pin To Net: NetName=NetRP5_1 Pin=RP5-1
Added Pin To Net: NetName=NetRP5_1 Pin=U1-140
Added Net: Name=NetRP5_1
Added Pin To Net: NetName=NetRP5_2 Pin=RP5-2
Added Pin To Net: NetName=NetRP5_2 Pin=U1-139
Added Net: Name=NetRP5_2
Added Pin To Net: NetName=NetRP5_3 Pin=RP5-3
Added Pin To Net: NetName=NetRP5_3 Pin=U1-138
Added Net: Name=NetRP5_3
Added Pin To Net: NetName=NetRP5_4 Pin=RP5-4
Added Pin To Net: NetName=NetRP5_4 Pin=U1-137
Added Net: Name=NetRP5_4
Added Pin To Net: NetName=NetRP5_5 Pin=RP5-5
Added Pin To Net: NetName=NetRP5_5 Pin=U1-135
Added Net: Name=NetRP5_5
Added Pin To Net: NetName=NetRP5_6 Pin=RP5-6
Added Pin To Net: NetName=NetRP5_6 Pin=U1-134
Added Net: Name=NetRP5_6
Added Pin To Net: NetName=NetRP5_7 Pin=RP5-7
Added Pin To Net: NetName=NetRP5_7 Pin=U1-133
Added Net: Name=NetRP5_7
Added Pin To Net: NetName=NetRP5_8 Pin=RP5-8
Added Pin To Net: NetName=NetRP5_8 Pin=U1-132
Added Net: Name=NetRP5_8
Added Pin To Net: NetName=NetRP7_1 Pin=RP7-1
Added Pin To Net: NetName=NetRP7_1 Pin=U1-153
Added Net: Name=NetRP7_1
Added Pin To Net: NetName=NetRP7_2 Pin=RP7-2
Added Pin To Net: NetName=NetRP7_2 Pin=U1-152
Added Net: Name=NetRP7_2
Added Pin To Net: NetName=NetRP7_3 Pin=RP7-3
Added Pin To Net: NetName=NetRP7_3 Pin=U1-151
Added Net: Name=NetRP7_3
Added Pin To Net: NetName=NetRP7_4 Pin=RP7-4
Added Pin To Net: NetName=NetRP7_4 Pin=U1-150
Added Net: Name=NetRP7_4
Added Pin To Net: NetName=NetRP7_5 Pin=RP7-5
Added Pin To Net: NetName=NetRP7_5 Pin=U1-147
Added Net: Name=NetRP7_5
Added Pin To Net: NetName=NetRP7_6 Pin=RP7-6
Added Pin To Net: NetName=NetRP7_6 Pin=U1-146
Added Net: Name=NetRP7_6
Added Pin To Net: NetName=NetRP7_7 Pin=RP7-7
Added Pin To Net: NetName=NetRP7_7 Pin=U1-145
Added Net: Name=NetRP7_7
Added Pin To Net: NetName=NetRP7_8 Pin=RP7-8
Added Pin To Net: NetName=NetRP7_8 Pin=U1-144
Added Net: Name=NetRP7_8
