Added Component: Designator=U7(TSSOP50P1175-86M)
Added Pin To Net: NetName=3V3 Pin=U7-1
Added Pin To Net: NetName=D0 Pin=U7-2
Added Pin To Net: NetName=3V3 Pin=U7-3
Added Pin To Net: NetName=D1 Pin=U7-4
Added Pin To Net: NetName=D2 Pin=U7-5
Added Pin To Net: NetName=GND Pin=U7-6
Added Pin To Net: NetName=D3 Pin=U7-7
Added Pin To Net: NetName=D4 Pin=U7-8
Added Pin To Net: NetName=3V3 Pin=U7-9
Added Pin To Net: NetName=D5 Pin=U7-10
Added Pin To Net: NetName=D6 Pin=U7-11
Added Pin To Net: NetName=GND Pin=U7-12
Added Pin To Net: NetName=D7 Pin=U7-13
Added Pin To Net: NetName=3V3 Pin=U7-15
Added Pin To Net: NetName=DQM0 Pin=U7-16
Added Pin To Net: NetName=DQM2 Pin=U7-28
Added Pin To Net: NetName=3V3 Pin=U7-29
Added Pin To Net: NetName=D16 Pin=U7-31
Added Pin To Net: NetName=GND Pin=U7-32
Added Pin To Net: NetName=D17 Pin=U7-33
Added Pin To Net: NetName=D18 Pin=U7-34
Added Pin To Net: NetName=3V3 Pin=U7-35
Added Pin To Net: NetName=D19 Pin=U7-36
Added Pin To Net: NetName=D20 Pin=U7-37
Added Pin To Net: NetName=GND Pin=U7-38
Added Pin To Net: NetName=D21 Pin=U7-39
Added Pin To Net: NetName=D22 Pin=U7-40
Added Pin To Net: NetName=3V3 Pin=U7-41
Added Pin To Net: NetName=D23 Pin=U7-42
Added Pin To Net: NetName=3V3 Pin=U7-43
Added Pin To Net: NetName=GND Pin=U7-44
Added Pin To Net: NetName=D24 Pin=U7-45
Added Pin To Net: NetName=GND Pin=U7-46
Added Pin To Net: NetName=D25 Pin=U7-47
Added Pin To Net: NetName=D26 Pin=U7-48
Added Pin To Net: NetName=3V3 Pin=U7-49
Added Pin To Net: NetName=D27 Pin=U7-50
Added Pin To Net: NetName=D28 Pin=U7-51
Added Pin To Net: NetName=GND Pin=U7-52
Added Pin To Net: NetName=D29 Pin=U7-53
Added Pin To Net: NetName=D30 Pin=U7-54
Added Pin To Net: NetName=3V3 Pin=U7-55
Added Pin To Net: NetName=D31 Pin=U7-56
Added Pin To Net: NetName=GND Pin=U7-58
Added Pin To Net: NetName=DQM3 Pin=U7-59
Added Pin To Net: NetName=DQM1 Pin=U7-71
Added Pin To Net: NetName=GND Pin=U7-72
Added Pin To Net: NetName=D8 Pin=U7-74
Added Pin To Net: NetName=3V3 Pin=U7-75
Added Pin To Net: NetName=D9 Pin=U7-76
Added Pin To Net: NetName=D10 Pin=U7-77
Added Pin To Net: NetName=GND Pin=U7-78
Added Pin To Net: NetName=D11 Pin=U7-79
Added Pin To Net: NetName=D12 Pin=U7-80
Added Pin To Net: NetName=3V3 Pin=U7-81
Added Pin To Net: NetName=D13 Pin=U7-82
Added Pin To Net: NetName=D14 Pin=U7-83
Added Pin To Net: NetName=GND Pin=U7-84
Added Pin To Net: NetName=D15 Pin=U7-85
Added Pin To Net: NetName=GND Pin=U7-86
Added Member To Class: ClassName=U_sdram Member=Component U7 IS42S32200E
