Removed Pin From Net: NetName=D23 Pin=RP1-1
Removed Pin From Net: NetName=D22 Pin=RP1-2
Removed Pin From Net: NetName=D21 Pin=RP1-3
Removed Pin From Net: NetName=D20 Pin=RP1-4
Removed Pin From Net: NetName=D19 Pin=RP1-5
Removed Pin From Net: NetName=D18 Pin=RP1-6
Removed Pin From Net: NetName=D17 Pin=RP1-7
Removed Pin From Net: NetName=D16 Pin=RP1-8
Removed Pin From Net: NetName=A7 Pin=RP6-1
Removed Pin From Net: NetName=A6 Pin=RP6-2
Removed Pin From Net: NetName=A5 Pin=RP6-3
Removed Pin From Net: NetName=A4 Pin=RP6-4
Removed Pin From Net: NetName=A3 Pin=RP6-5
Removed Pin From Net: NetName=A2 Pin=RP6-6
Removed Pin From Net: NetName=A1 Pin=RP6-7
Removed Pin From Net: NetName=A0 Pin=RP6-8
Removed Pin From Net: NetName=NetRP1_9 Pin=U1-55
Removed Pin From Net: NetName=NetRP1_10 Pin=U1-56
Removed Pin From Net: NetName=NetRP1_11 Pin=U1-60
Removed Pin From Net: NetName=NetRP1_12 Pin=U1-61
Removed Pin From Net: NetName=NetRP1_13 Pin=U1-62
Removed Pin From Net: NetName=NetRP1_14 Pin=U1-63
Removed Pin From Net: NetName=NetRP1_15 Pin=U1-64
Removed Pin From Net: NetName=NetRP1_16 Pin=U1-65
Removed Pin From Net: NetName=NetRP6_9 Pin=U1-83
Removed Pin From Net: NetName=NetRP6_10 Pin=U1-89
Removed Pin From Net: NetName=NetRP6_11 Pin=U1-90
Removed Pin From Net: NetName=NetRP6_12 Pin=U1-93
Removed Pin From Net: NetName=NetRP6_13 Pin=U1-94
Removed Pin From Net: NetName=NetRP6_14 Pin=U1-96
Removed Pin From Net: NetName=NetRP6_15 Pin=U1-97
Removed Pin From Net: NetName=NetRP6_16 Pin=U1-98
Added Pin To Net: NetName=D16 Pin=RP1-1
Added Pin To Net: NetName=D17 Pin=RP1-2
Added Pin To Net: NetName=D18 Pin=RP1-3
Added Pin To Net: NetName=D19 Pin=RP1-4
Added Pin To Net: NetName=D20 Pin=RP1-5
Added Pin To Net: NetName=D21 Pin=RP1-6
Added Pin To Net: NetName=D22 Pin=RP1-7
Added Pin To Net: NetName=D23 Pin=RP1-8
Added Pin To Net: NetName=A0 Pin=RP6-1
Added Pin To Net: NetName=A1 Pin=RP6-2
Added Pin To Net: NetName=A2 Pin=RP6-3
Added Pin To Net: NetName=A3 Pin=RP6-4
Added Pin To Net: NetName=A4 Pin=RP6-5
Added Pin To Net: NetName=A5 Pin=RP6-6
Added Pin To Net: NetName=A6 Pin=RP6-7
Added Pin To Net: NetName=A7 Pin=RP6-8
Added Pin To Net: NetName=NetRP1_16 Pin=U1-55
Added Pin To Net: NetName=NetRP1_15 Pin=U1-56
Added Pin To Net: NetName=NetRP1_14 Pin=U1-60
Added Pin To Net: NetName=NetRP1_13 Pin=U1-61
Added Pin To Net: NetName=NetRP1_12 Pin=U1-62
Added Pin To Net: NetName=NetRP1_11 Pin=U1-63
Added Pin To Net: NetName=NetRP1_10 Pin=U1-64
Added Pin To Net: NetName=NetRP1_9 Pin=U1-65
Added Pin To Net: NetName=NetRP6_16 Pin=U1-83
Added Pin To Net: NetName=NetRP6_15 Pin=U1-89
Added Pin To Net: NetName=NetRP6_14 Pin=U1-90
Added Pin To Net: NetName=NetRP6_13 Pin=U1-93
Added Pin To Net: NetName=NetRP6_12 Pin=U1-94
Added Pin To Net: NetName=NetRP6_11 Pin=U1-96
Added Pin To Net: NetName=NetRP6_10 Pin=U1-97
Added Pin To Net: NetName=NetRP6_9 Pin=U1-98
