Removed Pin From Net: NetName=C2D2 Pin=U1-29
Removed Pin From Net: NetName=C2D3 Pin=U1-30
Removed Pin From Net: NetName=C2D0 Pin=U1-31
Removed Pin From Net: NetName=C2D1 Pin=U1-33
Removed Pin From Net: NetName=C2PWDN Pin=U1-34
Removed Pin From Net: NetName=C2FSIN Pin=U1-35
Removed Pin From Net: NetName=C2D4 Pin=U1-36
Removed Pin From Net: NetName=C2D5 Pin=U1-39
Removed Pin From Net: NetName=C2D6 Pin=U1-40
Removed Pin From Net: NetName=C2D7 Pin=U1-41
Removed Pin From Net: NetName=C2XCLK Pin=U1-42
Removed Pin From Net: NetName=C2PCLK Pin=U1-45
Removed Pin From Net: NetName=C2HREF Pin=U1-47
Removed Pin From Net: NetName=C2SYNC Pin=U1-48
Removed Pin From Net: NetName=C2SDA Pin=U1-49
Removed Pin From Net: NetName=C2SCL Pin=U1-50
Added Pin To Net: NetName=C2SCL Pin=U1-29
Added Pin To Net: NetName=C2SDA Pin=U1-30
Added Pin To Net: NetName=C2SYNC Pin=U1-31
Added Pin To Net: NetName=C2HREF Pin=U1-33
Added Pin To Net: NetName=C2PCLK Pin=U1-34
Added Pin To Net: NetName=C2XCLK Pin=U1-35
Added Pin To Net: NetName=C2D7 Pin=U1-36
Added Pin To Net: NetName=C2D6 Pin=U1-39
Added Pin To Net: NetName=C2D5 Pin=U1-40
Added Pin To Net: NetName=C2D4 Pin=U1-41
Added Pin To Net: NetName=C2FSIN Pin=U1-42
Added Pin To Net: NetName=C2PWDN Pin=U1-45
Added Pin To Net: NetName=C2D1 Pin=U1-47
Added Pin To Net: NetName=C2D0 Pin=U1-48
Added Pin To Net: NetName=C2D3 Pin=U1-49
Added Pin To Net: NetName=C2D2 Pin=U1-50
