Removed Pin From Net: NetName=DQM0 Pin=RP2-1
Removed Pin From Net: NetName=DQM1 Pin=RP2-2
Removed Pin From Net: NetName=DQM2 Pin=RP2-3
Removed Pin From Net: NetName=DQM3 Pin=RP2-4
Removed Pin From Net: NetName=A8 Pin=RP2-5
Removed Pin From Net: NetName=A9 Pin=RP2-6
Removed Pin From Net: NetName=A10 Pin=RP2-7
Removed Pin From Net: NetName=BA1 Pin=RP3-3
Removed Pin From Net: NetName=BA0 Pin=RP3-4
Removed Pin From Net: NetName=CS Pin=RP3-5
Removed Pin From Net: NetName=RAS Pin=RP3-6
Removed Pin From Net: NetName=CAS Pin=RP3-7
Removed Pin From Net: NetName=WE Pin=RP3-8
Removed Pin From Net: NetName=A0 Pin=RP6-1
Removed Pin From Net: NetName=A1 Pin=RP6-2
Removed Pin From Net: NetName=A2 Pin=RP6-3
Removed Pin From Net: NetName=A3 Pin=RP6-4
Removed Pin From Net: NetName=A4 Pin=RP6-5
Removed Pin From Net: NetName=A5 Pin=RP6-6
Removed Pin From Net: NetName=A6 Pin=RP6-7
Removed Pin From Net: NetName=A7 Pin=RP6-8
Added Pin To Net: NetName=A0 Pin=RP2-1
Added Pin To Net: NetName=A1 Pin=RP2-2
Added Pin To Net: NetName=A2 Pin=RP2-3
Added Pin To Net: NetName=DQM2 Pin=RP2-4
Added Pin To Net: NetName=DQM3 Pin=RP2-5
Added Pin To Net: NetName=A3 Pin=RP2-6
Added Pin To Net: NetName=A4 Pin=RP2-7
Added Pin To Net: NetName=A5 Pin=RP2-8
Added Pin To Net: NetName=DQM0 Pin=RP6-1
Added Pin To Net: NetName=WE Pin=RP6-2
Added Pin To Net: NetName=CAS Pin=RP6-3
Added Pin To Net: NetName=RAS Pin=RP6-4
Added Pin To Net: NetName=CS Pin=RP6-5
Added Pin To Net: NetName=BA0 Pin=RP6-6
Added Pin To Net: NetName=BA1 Pin=RP6-7
Added Pin To Net: NetName=A10 Pin=RP6-8
