Removed Pin From Net: NetName=DQM0 Pin=RP2-9
Removed Pin From Net: NetName=DQM1 Pin=RP2-10
Removed Pin From Net: NetName=DQM2 Pin=RP2-11
Removed Pin From Net: NetName=DQM3 Pin=RP2-12
Removed Pin From Net: NetName=A8 Pin=RP2-13
Removed Pin From Net: NetName=A9 Pin=RP2-14
Removed Pin From Net: NetName=A10 Pin=RP2-15
Removed Pin From Net: NetName=CLK Pin=RP3-9
Removed Pin From Net: NetName=CKE Pin=RP3-10
Removed Pin From Net: NetName=BA1 Pin=RP3-11
Removed Pin From Net: NetName=BA0 Pin=RP3-12
Removed Pin From Net: NetName=CS Pin=RP3-13
Removed Pin From Net: NetName=RAS Pin=RP3-14
Removed Pin From Net: NetName=CAS Pin=RP3-15
Removed Pin From Net: NetName=WE Pin=RP3-16
Added Pin To Net: NetName=DQM0 Pin=RP2-1
Added Pin To Net: NetName=DQM1 Pin=RP2-2
Added Pin To Net: NetName=DQM2 Pin=RP2-3
Added Pin To Net: NetName=DQM3 Pin=RP2-4
Added Pin To Net: NetName=A8 Pin=RP2-5
Added Pin To Net: NetName=A9 Pin=RP2-6
Added Pin To Net: NetName=A10 Pin=RP2-7
Added Pin To Net: NetName=CLK Pin=RP3-1
Added Pin To Net: NetName=CKE Pin=RP3-2
Added Pin To Net: NetName=BA1 Pin=RP3-3
Added Pin To Net: NetName=BA0 Pin=RP3-4
Added Pin To Net: NetName=CS Pin=RP3-5
Added Pin To Net: NetName=RAS Pin=RP3-6
Added Pin To Net: NetName=CAS Pin=RP3-7
Added Pin To Net: NetName=WE Pin=RP3-8
Added Pin To Net: NetName=NetRP2_10 Pin=RP2-10
Added Pin To Net: NetName=NetRP2_10 Pin=U1-115
Added Net: Name=NetRP2_10
Added Pin To Net: NetName=NetRP2_11 Pin=RP2-11
Added Pin To Net: NetName=NetRP2_11 Pin=U1-113
Added Net: Name=NetRP2_11
Added Pin To Net: NetName=NetRP2_12 Pin=RP2-12
Added Pin To Net: NetName=NetRP2_12 Pin=U1-112
Added Net: Name=NetRP2_12
Added Pin To Net: NetName=NetRP2_13 Pin=RP2-13
Added Pin To Net: NetName=NetRP2_13 Pin=U1-109
Added Net: Name=NetRP2_13
Added Pin To Net: NetName=NetRP2_14 Pin=RP2-14
Added Pin To Net: NetName=NetRP2_14 Pin=U1-108
Added Net: Name=NetRP2_14
Added Pin To Net: NetName=NetRP2_15 Pin=RP2-15
Added Pin To Net: NetName=NetRP2_15 Pin=U1-107
Added Net: Name=NetRP2_15
Added Pin To Net: NetName=NetRP2_16 Pin=RP2-16
Added Pin To Net: NetName=NetRP2_16 Pin=U1-106
Added Net: Name=NetRP2_16
Added Pin To Net: NetName=NetRP3_9 Pin=RP3-9
Added Pin To Net: NetName=NetRP3_9 Pin=U1-129
Added Net: Name=NetRP3_9
Added Pin To Net: NetName=NetRP3_10 Pin=RP3-10
Added Pin To Net: NetName=NetRP3_10 Pin=U1-128
Added Net: Name=NetRP3_10
Added Pin To Net: NetName=NetRP3_11 Pin=RP3-11
Added Pin To Net: NetName=NetRP3_11 Pin=U1-127
Added Net: Name=NetRP3_11
Added Pin To Net: NetName=NetRP3_12 Pin=RP3-12
Added Pin To Net: NetName=NetRP3_12 Pin=U1-126
Added Net: Name=NetRP3_12
Added Pin To Net: NetName=NetRP3_13 Pin=RP3-13
Added Pin To Net: NetName=NetRP3_13 Pin=U1-123
Added Net: Name=NetRP3_13
Added Pin To Net: NetName=NetRP3_14 Pin=RP3-14
Added Pin To Net: NetName=NetRP3_14 Pin=U1-122
Added Net: Name=NetRP3_14
Added Pin To Net: NetName=NetRP3_15 Pin=RP3-15
Added Pin To Net: NetName=NetRP3_15 Pin=U1-120
Added Net: Name=NetRP3_15
Added Pin To Net: NetName=NetRP3_16 Pin=RP3-16
Added Pin To Net: NetName=NetRP3_16 Pin=U1-119
Added Net: Name=NetRP3_16
