Removed Pin From Net: NetName=D8 Pin=RP5-9
Removed Pin From Net: NetName=D9 Pin=RP5-10
Removed Pin From Net: NetName=D10 Pin=RP5-11
Removed Pin From Net: NetName=D11 Pin=RP5-12
Removed Pin From Net: NetName=D12 Pin=RP5-13
Removed Pin From Net: NetName=D13 Pin=RP5-14
Removed Pin From Net: NetName=D14 Pin=RP5-15
Removed Pin From Net: NetName=D15 Pin=RP5-16
Removed Pin From Net: NetName=D24 Pin=RP7-9
Removed Pin From Net: NetName=D25 Pin=RP7-10
Removed Pin From Net: NetName=D26 Pin=RP7-11
Removed Pin From Net: NetName=D27 Pin=RP7-12
Removed Pin From Net: NetName=D28 Pin=RP7-13
Removed Pin From Net: NetName=D29 Pin=RP7-14
Removed Pin From Net: NetName=D30 Pin=RP7-15
Removed Pin From Net: NetName=D31 Pin=RP7-16
Added Pin To Net: NetName=D8 Pin=RP5-1
Added Pin To Net: NetName=D9 Pin=RP5-2
Added Pin To Net: NetName=D10 Pin=RP5-3
Added Pin To Net: NetName=D11 Pin=RP5-4
Added Pin To Net: NetName=D12 Pin=RP5-5
Added Pin To Net: NetName=D13 Pin=RP5-6
Added Pin To Net: NetName=D14 Pin=RP5-7
Added Pin To Net: NetName=D15 Pin=RP5-8
Added Pin To Net: NetName=D24 Pin=RP7-1
Added Pin To Net: NetName=D25 Pin=RP7-2
Added Pin To Net: NetName=D26 Pin=RP7-3
Added Pin To Net: NetName=D27 Pin=RP7-4
Added Pin To Net: NetName=D28 Pin=RP7-5
Added Pin To Net: NetName=D29 Pin=RP7-6
Added Pin To Net: NetName=D30 Pin=RP7-7
Added Pin To Net: NetName=D31 Pin=RP7-8
Added Pin To Net: NetName=NetRP5_9 Pin=RP5-9
Added Pin To Net: NetName=NetRP5_9 Pin=U1-140
Added Net: Name=NetRP5_9
Added Pin To Net: NetName=NetRP5_10 Pin=RP5-10
Added Pin To Net: NetName=NetRP5_10 Pin=U1-139
Added Net: Name=NetRP5_10
Added Pin To Net: NetName=NetRP5_11 Pin=RP5-11
Added Pin To Net: NetName=NetRP5_11 Pin=U1-138
Added Net: Name=NetRP5_11
Added Pin To Net: NetName=NetRP5_12 Pin=RP5-12
Added Pin To Net: NetName=NetRP5_12 Pin=U1-137
Added Net: Name=NetRP5_12
Added Pin To Net: NetName=NetRP5_13 Pin=RP5-13
Added Pin To Net: NetName=NetRP5_13 Pin=U1-135
Added Net: Name=NetRP5_13
Added Pin To Net: NetName=NetRP5_14 Pin=RP5-14
Added Pin To Net: NetName=NetRP5_14 Pin=U1-134
Added Net: Name=NetRP5_14
Added Pin To Net: NetName=NetRP5_15 Pin=RP5-15
Added Pin To Net: NetName=NetRP5_15 Pin=U1-133
Added Net: Name=NetRP5_15
Added Pin To Net: NetName=NetRP5_16 Pin=RP5-16
Added Pin To Net: NetName=NetRP5_16 Pin=U1-132
Added Net: Name=NetRP5_16
Added Pin To Net: NetName=NetRP7_9 Pin=RP7-9
Added Pin To Net: NetName=NetRP7_9 Pin=U1-153
Added Net: Name=NetRP7_9
Added Pin To Net: NetName=NetRP7_10 Pin=RP7-10
Added Pin To Net: NetName=NetRP7_10 Pin=U1-152
Added Net: Name=NetRP7_10
Added Pin To Net: NetName=NetRP7_11 Pin=RP7-11
Added Pin To Net: NetName=NetRP7_11 Pin=U1-151
Added Net: Name=NetRP7_11
Added Pin To Net: NetName=NetRP7_12 Pin=RP7-12
Added Pin To Net: NetName=NetRP7_12 Pin=U1-150
Added Net: Name=NetRP7_12
Added Pin To Net: NetName=NetRP7_13 Pin=RP7-13
Added Pin To Net: NetName=NetRP7_13 Pin=U1-147
Added Net: Name=NetRP7_13
Added Pin To Net: NetName=NetRP7_14 Pin=RP7-14
Added Pin To Net: NetName=NetRP7_14 Pin=U1-146
Added Net: Name=NetRP7_14
Added Pin To Net: NetName=NetRP7_15 Pin=RP7-15
Added Pin To Net: NetName=NetRP7_15 Pin=U1-145
Added Net: Name=NetRP7_15
Added Pin To Net: NetName=NetRP7_16 Pin=RP7-16
Added Pin To Net: NetName=NetRP7_16 Pin=U1-144
Added Net: Name=NetRP7_16
