Removed Pin From Net: NetName=C2D0 Pin=U1-60
Removed Pin From Net: NetName=C2D1 Pin=U1-61
Removed Pin From Net: NetName=C2D2 Pin=U1-62
Removed Pin From Net: NetName=C2D3 Pin=U1-63
Removed Pin From Net: NetName=C2D4 Pin=U1-64
Removed Pin From Net: NetName=C2D5 Pin=U1-65
Removed Pin From Net: NetName=C2D6 Pin=U1-68
Removed Pin From Net: NetName=C2D7 Pin=U1-69
Removed Pin From Net: NetName=C2SCL Pin=U1-74
Removed Pin From Net: NetName=C2SDA Pin=U1-75
Removed Pin From Net: NetName=C2SYNC Pin=U1-76
Removed Pin From Net: NetName=C2PCLK Pin=U1-77
Removed Pin From Net: NetName=C2FSIN Pin=U1-78
Removed Pin From Net: NetName=C2HREF Pin=U1-82
Removed Pin From Net: NetName=C2XCLK Pin=U1-83
Removed Pin From Net: NetName=C2PWDN Pin=U1-84
Added Pin To Net: NetName=C2D2 Pin=U1-54
Added Pin To Net: NetName=C2FSIN Pin=U1-55
Added Pin To Net: NetName=C2D1 Pin=U1-57
Added Pin To Net: NetName=C2D0 Pin=U1-58
Added Pin To Net: NetName=C2PWDN Pin=U1-60
Added Pin To Net: NetName=C2D3 Pin=U1-61
Added Pin To Net: NetName=C2D4 Pin=U1-62
Added Pin To Net: NetName=C2D5 Pin=U1-63
Added Pin To Net: NetName=C2D6 Pin=U1-64
Added Pin To Net: NetName=C2D7 Pin=U1-65
Added Pin To Net: NetName=C2SCL Pin=U1-68
Added Pin To Net: NetName=C2SDA Pin=U1-69
Added Pin To Net: NetName=C2SYNC Pin=U1-74
Added Pin To Net: NetName=C2PCLK Pin=U1-75
Added Pin To Net: NetName=C2HREF Pin=U1-76
Added Pin To Net: NetName=C2XCLK Pin=U1-77
