Removed Pin From Net: NetName=C2D2 Pin=U1-28
Removed Pin From Net: NetName=C2D3 Pin=U1-29
Removed Pin From Net: NetName=C2D0 Pin=U1-30
Removed Pin From Net: NetName=C2D1 Pin=U1-31
Removed Pin From Net: NetName=PF_INIT Pin=U1-33
Removed Pin From Net: NetName=NetRP1_15 Pin=U1-56
Removed Pin From Net: NetName=NetRP1_14 Pin=U1-60
Removed Pin From Net: NetName=NetRP1_13 Pin=U1-61
Removed Pin From Net: NetName=NetRP1_12 Pin=U1-62
Removed Pin From Net: NetName=NetRP1_11 Pin=U1-63
Removed Pin From Net: NetName=NetRP1_10 Pin=U1-64
Removed Pin From Net: NetName=NetRP1_9 Pin=U1-65
Removed Pin From Net: NetName=NetRP4_16 Pin=U1-68
Removed Pin From Net: NetName=NetRP4_15 Pin=U1-69
Removed Pin From Net: NetName=NetRP4_14 Pin=U1-74
Removed Pin From Net: NetName=NetRP4_13 Pin=U1-75
Removed Pin From Net: NetName=NetRP4_12 Pin=U1-76
Removed Pin From Net: NetName=NetRP4_11 Pin=U1-77
Removed Pin From Net: NetName=NetRP4_10 Pin=U1-78
Removed Pin From Net: NetName=NetRP4_9 Pin=U1-82
Added Pin To Net: NetName=M1 Pin=RP6-16
Added Pin To Net: NetName=C2D2 Pin=U1-29
Added Pin To Net: NetName=C2D3 Pin=U1-30
Added Pin To Net: NetName=C2D0 Pin=U1-31
Added Pin To Net: NetName=C2D1 Pin=U1-33
Added Pin To Net: NetName=PF_INIT Pin=U1-56
Added Pin To Net: NetName=NetRP1_15 Pin=U1-60
Added Pin To Net: NetName=NetRP1_14 Pin=U1-61
Added Pin To Net: NetName=NetRP1_13 Pin=U1-62
Added Pin To Net: NetName=NetRP1_12 Pin=U1-63
Added Pin To Net: NetName=NetRP1_11 Pin=U1-64
Added Pin To Net: NetName=NetRP1_10 Pin=U1-65
Added Pin To Net: NetName=NetRP1_9 Pin=U1-68
Added Pin To Net: NetName=NetRP4_16 Pin=U1-69
Added Pin To Net: NetName=NetRP4_15 Pin=U1-74
Added Pin To Net: NetName=NetRP4_14 Pin=U1-75
Added Pin To Net: NetName=NetRP4_13 Pin=U1-76
Added Pin To Net: NetName=NetRP4_12 Pin=U1-77
Added Pin To Net: NetName=NetRP4_11 Pin=U1-78
Added Pin To Net: NetName=NetRP4_10 Pin=U1-82
Added Pin To Net: NetName=NetRP4_9 Pin=U1-83
