Added Component: Designator=C?(0603C-GENERIC)
Added Component: Designator=U?(SOIC127P600_HS-8AM)
Added Pin To Net: NetName=GND Pin=C?-2
Added Pin To Net: NetName=GND Pin=U?-3
Added Pin To Net: NetName=GND Pin=U?-4
Added Pin To Net: NetName=CE Pin=U1-167
Added Pin To Net: NetName=CE Pin=U?-1
Added Net: Name=CE
Added Pin To Net: NetName=HOLD Pin=U1-171
Added Pin To Net: NetName=HOLD Pin=U?-7
Added Net: Name=HOLD
Added Pin To Net: NetName=SCK Pin=U1-172
Added Pin To Net: NetName=SCK Pin=U?-6
Added Net: Name=SCK
Added Pin To Net: NetName=SI Pin=U1-177
Added Pin To Net: NetName=SI Pin=U?-5
Added Net: Name=SI
Added Pin To Net: NetName=SO Pin=U1-168
Added Pin To Net: NetName=SO Pin=U?-2
Added Net: Name=SO
Added Pin To Net: NetName=VCC Pin=C?-1
Added Pin To Net: NetName=VCC Pin=U?-8
Added Net: Name=VCC
Added Member To Class: ClassName=U_fpga Member=Component C? 100nF
Added Member To Class: ClassName=U_fpga Member=Component U? SST25VF080B
