Removed Pin From Net: NetName=DAT0 Pin=U1-164
Removed Pin From Net: NetName=DAT1 Pin=U1-165
Removed Pin From Net: NetName=DAT2 Pin=U1-167
Removed Pin From Net: NetName=DAT3 Pin=U1-168
Removed Pin From Net: NetName=DAT4 Pin=U1-171
Removed Pin From Net: NetName=DAT5 Pin=U1-172
Removed Pin From Net: NetName=DAT6 Pin=U1-177
Removed Pin From Net: NetName=DAT7 Pin=U1-178
Removed Pin From Net: NetName=CMD Pin=U1-179
Removed Pin From Net: NetName=CLK Pin=U1-180
Removed Pin From Net: NetName=GPIOA Pin=U1-181
Removed Pin From Net: NetName=GPIOB Pin=U1-185
Added Pin To Net: NetName=DAT7 Pin=U1-181
Added Pin To Net: NetName=DAT6 Pin=U1-185
Added Pin To Net: NetName=DAT5 Pin=U1-186
Added Pin To Net: NetName=DAT4 Pin=U1-187
Added Pin To Net: NetName=DAT3 Pin=U1-189
Added Pin To Net: NetName=DAT2 Pin=U1-190
Added Pin To Net: NetName=DAT1 Pin=U1-192
Added Pin To Net: NetName=DAT0 Pin=U1-193
Added Pin To Net: NetName=CMD Pin=U1-196
Added Pin To Net: NetName=CLK Pin=U1-197
Added Pin To Net: NetName=GPIOA Pin=U1-199
Added Pin To Net: NetName=GPIOB Pin=U1-200
