Added Component: Designator=C56(0603C-GENERIC)
Added Component: Designator=C57(0603C-GENERIC)
Added Component: Designator=C58(0603C-GENERIC)
Added Component: Designator=C59(0603C-GENERIC)
Added Component: Designator=U9(TSOP65P640-20BM)
Added Component: Designator=U10(TSOP65P640-20BM)
Added Pin To Net: NetName=3V3 Pin=C56-1
Added Pin To Net: NetName=GND Pin=C56-2
Added Pin To Net: NetName=3V3 Pin=C57-1
Added Pin To Net: NetName=GND Pin=C57-2
Added Pin To Net: NetName=1V8 Pin=C58-1
Added Pin To Net: NetName=GND Pin=C58-2
Added Pin To Net: NetName=1V8 Pin=C59-1
Added Pin To Net: NetName=GND Pin=C59-2
Added Pin To Net: NetName=CLK Pin=U1-180
Added Pin To Net: NetName=3V3 Pin=U9-2
Added Pin To Net: NetName=3V3 Pin=U9-10
Added Pin To Net: NetName=GND Pin=U9-11
Added Pin To Net: NetName=DAT_1V8_7 Pin=U9-12
Added Pin To Net: NetName=DAT_1V8_6 Pin=U9-13
Added Pin To Net: NetName=DAT_1V8_5 Pin=U9-14
Added Pin To Net: NetName=DAT_1V8_4 Pin=U9-15
Added Pin To Net: NetName=DAT_1V8_3 Pin=U9-16
Added Pin To Net: NetName=DAT_1V8_2 Pin=U9-17
Added Pin To Net: NetName=DAT_1V8_1 Pin=U9-18
Added Pin To Net: NetName=1V8 Pin=U9-19
Added Pin To Net: NetName=DAT_1V8_0 Pin=U9-20
Added Pin To Net: NetName=3V3 Pin=U10-2
Added Pin To Net: NetName=CLK Pin=U10-4
Added Pin To Net: NetName=3V3 Pin=U10-10
Added Pin To Net: NetName=GND Pin=U10-11
Added Pin To Net: NetName=GPIO_1V8_B Pin=U10-15
Added Pin To Net: NetName=GPIO_1V8_A Pin=U10-16
Added Pin To Net: NetName=CLK_1V8 Pin=U10-17
Added Pin To Net: NetName=CMD_1V8 Pin=U10-18
Added Pin To Net: NetName=1V8 Pin=U10-19
Added Pin To Net: NetName=CMD Pin=U1-179
Added Pin To Net: NetName=CMD Pin=U10-3
Added Net: Name=CMD
Added Pin To Net: NetName=DAT0 Pin=U1-164
Added Pin To Net: NetName=DAT0 Pin=U9-1
Added Net: Name=DAT0
Added Pin To Net: NetName=DAT1 Pin=U1-165
Added Pin To Net: NetName=DAT1 Pin=U9-3
Added Net: Name=DAT1
Added Pin To Net: NetName=DAT2 Pin=U1-167
Added Pin To Net: NetName=DAT2 Pin=U9-4
Added Net: Name=DAT2
Added Pin To Net: NetName=DAT3 Pin=U1-168
Added Pin To Net: NetName=DAT3 Pin=U9-5
Added Net: Name=DAT3
Added Pin To Net: NetName=DAT4 Pin=U1-171
Added Pin To Net: NetName=DAT4 Pin=U9-6
Added Net: Name=DAT4
Added Pin To Net: NetName=DAT5 Pin=U1-172
Added Pin To Net: NetName=DAT5 Pin=U9-7
Added Net: Name=DAT5
Added Pin To Net: NetName=DAT6 Pin=U1-177
Added Pin To Net: NetName=DAT6 Pin=U9-8
Added Net: Name=DAT6
Added Pin To Net: NetName=DAT7 Pin=U1-178
Added Pin To Net: NetName=DAT7 Pin=U9-9
Added Net: Name=DAT7
Added Pin To Net: NetName=GPIOA Pin=U1-181
Added Pin To Net: NetName=GPIOA Pin=U10-5
Added Net: Name=GPIOA
Added Pin To Net: NetName=GPIOB Pin=U1-185
Added Pin To Net: NetName=GPIOB Pin=U10-6
Added Net: Name=GPIOB
Added Class: Name=U_panda
